This file contains any messages produced by compilers while
running configure, to aid debugging if configure makes a mistake.

It was created by mpe2 configure 2.4.9b, which was
generated by GNU Autoconf 2.69.  Invocation command line was

  $ ./configure --prefix=/mnt/storage/home/sekireev/local/mpe2 CC=mpicc F77=mpif77

## --------- ##
## Platform. ##
## --------- ##

hostname = cn218
uname -m = x86_64
uname -r = 3.0.13-0.27-default
uname -s = Linux
uname -v = #1 SMP Wed Feb 15 13:33:49 UTC 2012 (d73692b)

/usr/bin/uname -p = unknown
/bin/uname -X     = unknown

/bin/arch              = x86_64
/usr/bin/arch -k       = unknown
/usr/convex/getsysinfo = unknown
/usr/bin/hostinfo      = unknown
/bin/machine           = unknown
/usr/bin/oslevel       = unknown
/bin/universe          = unknown

PATH: /opt/shared/java/jre1.8.0_45/bin
PATH: /opt/intel/Compiler/11.1/072/bin/intel64
PATH: /opt/shared/nvidia/cuda/bin
PATH: /opt/intel/impi/5.0.1.035/intel64/bin
PATH: /mnt/storage/home/sekireev/bin
PATH: /usr/local/bin
PATH: /usr/bin
PATH: /bin
PATH: /usr/bin/X11
PATH: /usr/X11R6/bin
PATH: /usr/games
PATH: /opt/bin
PATH: /opt/kde3/bin
PATH: /opt/shared/pbs/default/bin
PATH: /opt/ibutils/bin
PATH: /usr/lib/mit/bin
PATH: /usr/lib/mit/sbin
PATH: /opt/shared/bin
PATH: /opt/gnome/bin
PATH: /mnt/storage/home/sekireev/local/mpe2/bin


## ----------- ##
## Core tests. ##
## ----------- ##

configure:2210: checking for current directory name
configure:2257: result: /mnt/storage/home/sekireev/distrib/mpe2-2.4.9b
configure:2299: checking gnumake
configure:2314: result: yes using --no-print-directory
configure:2328: checking BSD 4.4 make
configure:2348: result: no - whew
configure:2354: checking OSF V3 make
configure:2373: result: no
configure:2380: checking for virtual path format
configure:2395: result: VPATH
configure:2489: result: User supplied MPI implmentation (Good Luck!)
configure:2629: checking for leftover Makefiles in subpackages 
configure:2644: result: none 
configure:2934: checking for gcc
configure:2961: result: mpicc
configure:3190: checking for C compiler version
configure:3199: mpicc --version >&5
gcc (SUSE Linux) 4.3.4 [gcc-4_3-branch revision 152973]
Copyright (C) 2008 Free Software Foundation, Inc.
This is free software; see the source for copying conditions.  There is NO
warranty; not even for MERCHANTABILITY or FITNESS FOR A PARTICULAR PURPOSE.

configure:3210: $? = 0
configure:3199: mpicc -v >&5
mpigcc for the Intel(R) MPI Library 5.0 Update 1 for Linux*
Copyright(C) 2003-2014, Intel Corporation.  All rights reserved.
Using built-in specs.
Target: x86_64-suse-linux
Configured with: ../configure --prefix=/usr --infodir=/usr/share/info --mandir=/usr/share/man --libdir=/usr/lib64 --libexecdir=/usr/lib64 --enable-languages=c,c++,objc,fortran,obj-c++,java,ada --enable-checking=release --with-gxx-include-dir=/usr/include/c++/4.3 --enable-ssp --disable-libssp --with-bugurl=http://bugs.opensuse.org/ --with-pkgversion='SUSE Linux' --disable-libgcj --disable-libmudflap --with-slibdir=/lib64 --with-system-zlib --enable-__cxa_atexit --enable-libstdcxx-allocator=new --disable-libstdcxx-pch --enable-version-specific-runtime-libs --program-suffix=-4.3 --enable-linux-futex --without-system-libunwind --with-cpu=generic --build=x86_64-suse-linux
Thread model: posix
gcc version 4.3.4 [gcc-4_3-branch revision 152973] (SUSE Linux) 
configure:3210: $? = 0
configure:3199: mpicc -V >&5
gcc: couldn't run 'x86_64-suse-linux-gcc--I/opt/intel/impi/5.0.1.035/intel64/include': No such file or directory
configure:3210: $? = 0
configure:3199: mpicc -qversion >&5
gcc: unrecognized option '-qversion'
/usr/lib64/gcc/x86_64-suse-linux/4.3/../../../../lib64/crt1.o: In function `_start':
/usr/src/packages/BUILD/glibc-2.11.3/csu/../sysdeps/x86_64/elf/start.S:109: undefined reference to `main'
collect2: ld returned 1 exit status
configure:3210: $? = 0
configure:3230: checking whether the C compiler works
configure:3252: mpicc    conftest.c  >&5
configure:3256: $? = 0
configure:3304: result: yes
configure:3307: checking for C compiler default output file name
configure:3309: result: a.out
configure:3315: checking for suffix of executables
configure:3322: mpicc -o conftest    conftest.c  >&5
configure:3326: $? = 0
configure:3348: result: 
configure:3370: checking whether we are cross compiling
configure:3378: mpicc -o conftest    conftest.c  >&5
configure:3382: $? = 0
configure:3389: ./conftest
configure:3393: $? = 0
configure:3408: result: no
configure:3413: checking for suffix of object files
configure:3435: mpicc -c   conftest.c >&5
configure:3439: $? = 0
configure:3460: result: o
configure:3464: checking whether we are using the GNU C compiler
configure:3483: mpicc -c   conftest.c >&5
configure:3483: $? = 0
configure:3492: result: yes
configure:3501: checking whether mpicc accepts -g
configure:3521: mpicc -c -g  conftest.c >&5
configure:3521: $? = 0
configure:3562: result: yes
configure:3579: checking for mpicc option to accept ISO C89
configure:3642: mpicc  -c   conftest.c >&5
configure:3642: $? = 0
configure:3655: result: none needed
configure:3912: checking whether MPI_CC has been set 
configure:3917: result: mpicc  
configure:4027: checking for Fortran 77 compiler version
configure:4036: mpif77 --version >&5
GNU Fortran (SUSE Linux) 4.3.4 [gcc-4_3-branch revision 152973]
Copyright (C) 2008 Free Software Foundation, Inc.

GNU Fortran comes with NO WARRANTY, to the extent permitted by law.
You may redistribute copies of GNU Fortran
under the terms of the GNU General Public License.
For more information about these matters, see the file named COPYING

configure:4047: $? = 0
configure:4036: mpif77 -v >&5
mpif77 for the Intel(R) MPI Library 5.0 Update 1 for Linux*
Copyright(C) 2003-2014, Intel Corporation.  All rights reserved.
Using built-in specs.
Target: x86_64-suse-linux
Configured with: ../configure --prefix=/usr --infodir=/usr/share/info --mandir=/usr/share/man --libdir=/usr/lib64 --libexecdir=/usr/lib64 --enable-languages=c,c++,objc,fortran,obj-c++,java,ada --enable-checking=release --with-gxx-include-dir=/usr/include/c++/4.3 --enable-ssp --disable-libssp --with-bugurl=http://bugs.opensuse.org/ --with-pkgversion='SUSE Linux' --disable-libgcj --disable-libmudflap --with-slibdir=/lib64 --with-system-zlib --enable-__cxa_atexit --enable-libstdcxx-allocator=new --disable-libstdcxx-pch --enable-version-specific-runtime-libs --program-suffix=-4.3 --enable-linux-futex --without-system-libunwind --with-cpu=generic --build=x86_64-suse-linux
Thread model: posix
gcc version 4.3.4 [gcc-4_3-branch revision 152973] (SUSE Linux) 
configure:4047: $? = 0
configure:4036: mpif77 -V >&5
gfortran: couldn't run 'x86_64-suse-linux-gcc--I/opt/intel/impi/5.0.1.035/intel64/include': No such file or directory
configure:4047: $? = 0
configure:4036: mpif77 -qversion >&5
gfortran: unrecognized option '-qversion'
/usr/lib64/gcc/x86_64-suse-linux/4.3/libgfortranbegin.a(fmain.o): In function `main':
/usr/src/packages/BUILD/gcc-4.3.4-20091019/obj-x86_64-suse-linux/x86_64-suse-linux/libgfortran/../../../libgfortran/fmain.c:21: undefined reference to `MAIN__'
collect2: ld returned 1 exit status
configure:4047: $? = 0
configure:4056: checking whether we are using the GNU Fortran 77 compiler
configure:4069: mpif77 -c  conftest.F >&5
configure:4069: $? = 0
configure:4078: result: yes
configure:4084: checking whether mpif77 accepts -g
configure:4095: mpif77 -c -g conftest.f >&5
configure:4095: $? = 0
configure:4103: result: yes
configure:4135: checking whether MPI_F77 has been set 
configure:4142: result: mpif77  
configure:4155: checking for the linkage of the supplied MPI C definitions 
configure:4205: mpicc  -o conftest    conftest.c  >&5
configure:4205: $? = 0
configure:4228: result: yes
configure:4248: checking for the linkage of the supplied MPI F77 definitions 
configure:4284: mpif77  -o conftest   conftest.f  >&5
configure:4284: $? = 0
configure:4307: result: yes
configure:4444: checking build system type
configure:4458: result: x86_64-unknown-linux-gnu
configure:4478: checking host system type
configure:4491: result: x86_64-unknown-linux-gnu
configure:4515: checking how to get verbose linking output from mpif77
configure:4525: mpif77 -c  conftest.f >&5
configure:4525: $? = 0
configure:4543: mpif77 -o conftest -v conftest.f
mpif77 for the Intel(R) MPI Library 5.0 Update 1 for Linux*
Copyright(C) 2003-2014, Intel Corporation.  All rights reserved.
Using built-in specs.
Target: x86_64-suse-linux
Thread model: posix
gcc version 4.3.4 [gcc-4_3-branch revision 152973] (SUSE Linux) 
 /usr/lib64/gcc/x86_64-suse-linux/4.3/f951 conftest.f -ffixed-form -quiet -dumpbase conftest.f -mtune=generic -auxbase conftest -version -I/opt/intel/impi/5.0.1.035/intel64/include -fintrinsic-modules-path /usr/lib64/gcc/x86_64-suse-linux/4.3/finclude -o /var/tmp/pbs.3439516.hpc-suvir1.hpc.nusc.ru/ccmWNk4a.s
GNU F95 (SUSE Linux) version 4.3.4 [gcc-4_3-branch revision 152973] (x86_64-suse-linux)
	compiled by GNU C version 4.3.4 [gcc-4_3-branch revision 152973], GMP version 4.2.3, MPFR version 2.3.2.
GGC heuristics: --param ggc-min-expand=100 --param ggc-min-heapsize=131072
 /usr/lib64/gcc/x86_64-suse-linux/4.3/../../../../x86_64-suse-linux/bin/as -V -Qy -o /var/tmp/pbs.3439516.hpc-suvir1.hpc.nusc.ru/ccVZovDN.o /var/tmp/pbs.3439516.hpc-suvir1.hpc.nusc.ru/ccmWNk4a.s
GNU assembler version 2.21.1 (x86_64-suse-linux) using BFD version (GNU Binutils; SUSE Linux Enterprise 11) 2.21.1
 /usr/lib64/gcc/x86_64-suse-linux/4.3/collect2 --build-id --eh-frame-hdr -m elf_x86_64 -dynamic-linker /lib64/ld-linux-x86-64.so.2 -o conftest /usr/lib64/gcc/x86_64-suse-linux/4.3/../../../../lib64/crt1.o /usr/lib64/gcc/x86_64-suse-linux/4.3/../../../../lib64/crti.o /usr/lib64/gcc/x86_64-suse-linux/4.3/crtbegin.o -L/opt/intel/impi/5.0.1.035/intel64/lib/release -L/opt/intel/impi/5.0.1.035/intel64/lib -L/usr/lib64/gcc/x86_64-suse-linux/4.3 -L/usr/lib64/gcc/x86_64-suse-linux/4.3/../../../../lib64 -L/lib/../lib64 -L/usr/lib/../lib64 -L/opt/intel/Compiler/11.1/072/lib -L/usr/lib64/gcc/x86_64-suse-linux/4.3/../../../../x86_64-suse-linux/lib -L/usr/lib64/gcc/x86_64-suse-linux/4.3/../../.. /var/tmp/pbs.3439516.hpc-suvir1.hpc.nusc.ru/ccVZovDN.o --enable-new-dtags -rpath /opt/intel/impi/5.0.1.035/intel64/lib/release -rpath /opt/intel/impi/5.0.1.035/intel64/lib -rpath /opt/intel/mpi-rt/5.0/intel64/lib/release -rpath /opt/intel/mpi-rt/5.0/intel64/lib -lmpifort -lmpi -lmpigi -ldl -lrt -lpthread -lgfortranbegin -lgfortran -lm -lgcc_s -lgcc -lc -lgcc_s -lgcc /usr/lib64/gcc/x86_64-suse-linux/4.3/crtend.o /usr/lib64/gcc/x86_64-suse-linux/4.3/../../../../lib64/crtn.o
configure:4626: result: -v
configure:4628: checking for Fortran 77 libraries of mpif77
configure:4651: mpif77 -o conftest -v conftest.f
mpif77 for the Intel(R) MPI Library 5.0 Update 1 for Linux*
Copyright(C) 2003-2014, Intel Corporation.  All rights reserved.
Using built-in specs.
Target: x86_64-suse-linux
Thread model: posix
gcc version 4.3.4 [gcc-4_3-branch revision 152973] (SUSE Linux) 
 /usr/lib64/gcc/x86_64-suse-linux/4.3/f951 conftest.f -ffixed-form -quiet -dumpbase conftest.f -mtune=generic -auxbase conftest -version -I/opt/intel/impi/5.0.1.035/intel64/include -fintrinsic-modules-path /usr/lib64/gcc/x86_64-suse-linux/4.3/finclude -o /var/tmp/pbs.3439516.hpc-suvir1.hpc.nusc.ru/ccI5Lipj.s
GNU F95 (SUSE Linux) version 4.3.4 [gcc-4_3-branch revision 152973] (x86_64-suse-linux)
	compiled by GNU C version 4.3.4 [gcc-4_3-branch revision 152973], GMP version 4.2.3, MPFR version 2.3.2.
GGC heuristics: --param ggc-min-expand=100 --param ggc-min-heapsize=131072
 /usr/lib64/gcc/x86_64-suse-linux/4.3/../../../../x86_64-suse-linux/bin/as -V -Qy -o /var/tmp/pbs.3439516.hpc-suvir1.hpc.nusc.ru/ccVlK9eW.o /var/tmp/pbs.3439516.hpc-suvir1.hpc.nusc.ru/ccI5Lipj.s
GNU assembler version 2.21.1 (x86_64-suse-linux) using BFD version (GNU Binutils; SUSE Linux Enterprise 11) 2.21.1
 /usr/lib64/gcc/x86_64-suse-linux/4.3/collect2 --build-id --eh-frame-hdr -m elf_x86_64 -dynamic-linker /lib64/ld-linux-x86-64.so.2 -o conftest /usr/lib64/gcc/x86_64-suse-linux/4.3/../../../../lib64/crt1.o /usr/lib64/gcc/x86_64-suse-linux/4.3/../../../../lib64/crti.o /usr/lib64/gcc/x86_64-suse-linux/4.3/crtbegin.o -L/opt/intel/impi/5.0.1.035/intel64/lib/release -L/opt/intel/impi/5.0.1.035/intel64/lib -L/usr/lib64/gcc/x86_64-suse-linux/4.3 -L/usr/lib64/gcc/x86_64-suse-linux/4.3/../../../../lib64 -L/lib/../lib64 -L/usr/lib/../lib64 -L/opt/intel/Compiler/11.1/072/lib -L/usr/lib64/gcc/x86_64-suse-linux/4.3/../../../../x86_64-suse-linux/lib -L/usr/lib64/gcc/x86_64-suse-linux/4.3/../../.. /var/tmp/pbs.3439516.hpc-suvir1.hpc.nusc.ru/ccVlK9eW.o --enable-new-dtags -rpath /opt/intel/impi/5.0.1.035/intel64/lib/release -rpath /opt/intel/impi/5.0.1.035/intel64/lib -rpath /opt/intel/mpi-rt/5.0/intel64/lib/release -rpath /opt/intel/mpi-rt/5.0/intel64/lib -lmpifort -lmpi -lmpigi -ldl -lrt -lpthread -lgfortranbegin -lgfortran -lm -lgcc_s -lgcc -lc -lgcc_s -lgcc /usr/lib64/gcc/x86_64-suse-linux/4.3/crtend.o /usr/lib64/gcc/x86_64-suse-linux/4.3/../../../../lib64/crtn.o
configure:4847: result:  -L/opt/intel/impi/5.0.1.035/intel64/lib/release -L/opt/intel/impi/5.0.1.035/intel64/lib -L/usr/lib64/gcc/x86_64-suse-linux/4.3 -L/usr/lib64/gcc/x86_64-suse-linux/4.3/../../../../lib64 -L/lib/../lib64 -L/usr/lib/../lib64 -L/opt/intel/Compiler/11.1/072/lib -L/usr/lib64/gcc/x86_64-suse-linux/4.3/../../../../x86_64-suse-linux/lib -L/usr/lib64/gcc/x86_64-suse-linux/4.3/../../.. -lmpifort -lmpi -lmpigi -ldl -lrt -lpthread -lgfortranbegin -lgfortran -lm
configure:4863: checking whether mpif77 accepts the FLIBS found by autoconf
configure:4875: mpif77 -o conftest   conftest.f  >&5
configure:4878: $? = 0
configure:4886: result: yes
configure:4924: checking whether C can link with  -L/opt/intel/impi/5.0.1.035/intel64/lib/release -L/opt/intel/impi/5.0.1.035/intel64/lib -L/usr/lib64/gcc/x86_64-suse-linux/4.3 -L/usr/lib64/gcc/x86_64-suse-linux/4.3/../../../../lib64 -L/lib/../lib64 -L/usr/lib/../lib64 -L/opt/intel/Compiler/11.1/072/lib -L/usr/lib64/gcc/x86_64-suse-linux/4.3/../../../../x86_64-suse-linux/lib -L/usr/lib64/gcc/x86_64-suse-linux/4.3/../../.. -lmpifort -lmpi -lmpigi -ldl -lrt -lpthread -lgfortranbegin -lgfortran -lm
configure:4940: mpicc -o conftest    conftest.c   -L/opt/intel/impi/5.0.1.035/intel64/lib/release -L/opt/intel/impi/5.0.1.035/intel64/lib -L/usr/lib64/gcc/x86_64-suse-linux/4.3 -L/usr/lib64/gcc/x86_64-suse-linux/4.3/../../../../lib64 -L/lib/../lib64 -L/usr/lib/../lib64 -L/opt/intel/Compiler/11.1/072/lib -L/usr/lib64/gcc/x86_64-suse-linux/4.3/../../../../x86_64-suse-linux/lib -L/usr/lib64/gcc/x86_64-suse-linux/4.3/../../.. -lmpifort -lmpi -lmpigi -ldl -lrt -lpthread -lgfortranbegin -lgfortran -lm >&5
configure:4940: $? = 0
configure:4948: result: yes
configure:5013: mpicc -c   conftest.c >&5
configure:5013: $? = 0
configure:5019: checking for linker for Fortran main programs
configure:5029: mpicc -c   conftest.c >&5
configure:5032: $? = 0
configure:5049: mpif77 -c  conftest.f >&5
configure:5052: $? = 0
configure:5060: result: Use Fortran to link programs
configure:5082: checking whether Fortran 77 and C objects are compatible
configure:5112: mpicc -c  conftestc.c 1>&5
configure:5115: $? = 0
configure:5134: mpif77 -c  conftestf.f 1>&5
configure:5137: $? = 0
configure:5148: mpif77  -o conftest conftestf.o conftestc.o  >&5
configure:5151: $? = 0
configure:5153: result: yes
configure:5230: checking for Fortran 77 name mangling
configure:5257: mpif77 -c  conftest.f 1>&5
configure:5260: $? = 0
configure:5288: mpicc -o conftest    conftest.c fconftestf.o  -L/opt/intel/impi/5.0.1.035/intel64/lib/release -L/opt/intel/impi/5.0.1.035/intel64/lib -L/usr/lib64/gcc/x86_64-suse-linux/4.3 -L/usr/lib64/gcc/x86_64-suse-linux/4.3/../../../../lib64 -L/lib/../lib64 -L/usr/lib/../lib64 -L/opt/intel/Compiler/11.1/072/lib -L/usr/lib64/gcc/x86_64-suse-linux/4.3/../../../../x86_64-suse-linux/lib -L/usr/lib64/gcc/x86_64-suse-linux/4.3/../../.. -lmpifort -lmpi -lmpigi -ldl -lrt -lpthread -lgfortranbegin -lgfortran -lm  >&5
/var/tmp/pbs.3439516.hpc-suvir1.hpc.nusc.ru/ccvDf7YG.o: In function `main':
conftest.c:(.text+0xa): undefined reference to `my_name'
collect2: ld returned 1 exit status
configure:5288: $? = 0
configure: failed program was:
| /* confdefs.h */
| #define PACKAGE_NAME "mpe2"
| #define PACKAGE_TARNAME "mpe2"
| #define PACKAGE_VERSION "2.4.9b"
| #define PACKAGE_STRING "mpe2 2.4.9b"
| #define PACKAGE_BUGREPORT "wgropp@illinois.edu"
| #define PACKAGE_URL "http://www.mcs.anl.gov/research/projects/perfvis/software/MPE/"
| #define HAVE_LONG_LONG 1
| /* end confdefs.h.  */
| extern void my_name(int);
| int
| main ()
| {
| my_name(0);
|   ;
|   return 0;
| }
configure:5305: mpicc -o conftest    conftest.c fconftestf.o  -L/opt/intel/impi/5.0.1.035/intel64/lib/release -L/opt/intel/impi/5.0.1.035/intel64/lib -L/usr/lib64/gcc/x86_64-suse-linux/4.3 -L/usr/lib64/gcc/x86_64-suse-linux/4.3/../../../../lib64 -L/lib/../lib64 -L/usr/lib/../lib64 -L/opt/intel/Compiler/11.1/072/lib -L/usr/lib64/gcc/x86_64-suse-linux/4.3/../../../../x86_64-suse-linux/lib -L/usr/lib64/gcc/x86_64-suse-linux/4.3/../../.. -lmpifort -lmpi -lmpigi -ldl -lrt -lpthread -lgfortranbegin -lgfortran -lm  >&5
configure:5305: $? = 0
configure:5632: result: lower underscore
configure:5711: checking what libraries are needed to link Fortran programs with C routines that use stdio
configure:5732: mpicc -c  conftestc.c 1>&5
configure:5735: $? = 0
configure:5744: mpif77  -o conftest conftest.f conftestc.o 1>&5
configure:5747: $? = 0
configure:5772: result: none
configure:5783: checking for Fortran 77 flag for library directories
configure:5801: mpif77 -c  conftest1.f 1>&5
configure:5804: $? = 0
configure:5812: ar cr conftest2/libconftest.a conftest1.o
configure:5815: $? = 0
configure:5818: ranlib conftest2/libconftest.a
configure:5821: $? = 0
configure:5825: mpif77 -o conftest  -Lconftest2 conftest.f -lconftest  1>&5
configure:5828: $? = 0
configure:5844: result: -L
configure:5857: checking for include directory flag for Fortran
configure:5877: mpif77 -c  -If77tmpdir conftest.f 1>&5
configure:5880: $? = 0
configure:5892: result: -I
configure:5911: checking how to run the C preprocessor
configure:5942: mpicc -E  conftest.c
configure:5942: $? = 0
configure:5956: mpicc -E  conftest.c
conftest.c:12:28: error: ac_nonexistent.h: No such file or directory
configure:5956: $? = 1
configure: failed program was:
| /* confdefs.h */
| #define PACKAGE_NAME "mpe2"
| #define PACKAGE_TARNAME "mpe2"
| #define PACKAGE_VERSION "2.4.9b"
| #define PACKAGE_STRING "mpe2 2.4.9b"
| #define PACKAGE_BUGREPORT "wgropp@illinois.edu"
| #define PACKAGE_URL "http://www.mcs.anl.gov/research/projects/perfvis/software/MPE/"
| #define HAVE_LONG_LONG 1
| #define F77_NAME_LOWER_USCORE 1
| #define STDCALL 
| /* end confdefs.h.  */
| #include <ac_nonexistent.h>
configure:5981: result: mpicc -E
configure:6001: mpicc -E  conftest.c
configure:6001: $? = 0
configure:6015: mpicc -E  conftest.c
conftest.c:12:28: error: ac_nonexistent.h: No such file or directory
configure:6015: $? = 1
configure: failed program was:
| /* confdefs.h */
| #define PACKAGE_NAME "mpe2"
| #define PACKAGE_TARNAME "mpe2"
| #define PACKAGE_VERSION "2.4.9b"
| #define PACKAGE_STRING "mpe2 2.4.9b"
| #define PACKAGE_BUGREPORT "wgropp@illinois.edu"
| #define PACKAGE_URL "http://www.mcs.anl.gov/research/projects/perfvis/software/MPE/"
| #define HAVE_LONG_LONG 1
| #define F77_NAME_LOWER_USCORE 1
| #define STDCALL 
| /* end confdefs.h.  */
| #include <ac_nonexistent.h>
configure:6047: checking whether ln -s works
configure:6051: result: yes
configure:6073: checking for a BSD-compatible install
configure:6141: result: /usr/bin/install -c
configure:6161: checking whether install works
configure:6169: result: yes
configure:6223: checking for ranlib
configure:6239: found /usr/bin/ranlib
configure:6250: result: ranlib
configure:6273: checking whether install breaks libraries
configure:6314: result: no
configure:6510: creating ./config.status

## ---------------------- ##
## Running config.status. ##
## ---------------------- ##

This file was extended by mpe2 config.status 2.4.9b, which was
generated by GNU Autoconf 2.69.  Invocation command line was

  CONFIG_FILES    = 
  CONFIG_HEADERS  = 
  CONFIG_LINKS    = 
  CONFIG_COMMANDS = 
  $ ./config.status 

on cn218

config.status:866: creating Makefile
config.status:866: creating sbin/mpetestlink
config.status:866: creating sbin/mpetestexec
config.status:866: creating sbin/mpetestexeclog
config.status:866: creating sbin/mpeinstall
config.status:866: creating sbin/mpecheckinstall
config.status:969: WARNING:  'sbin/mpecheckinstall.in' seems to ignore the --datarootdir setting
config.status:866: creating sbin/mpecheckbuild
config.status:866: creating etc/mpe_help.conf
config.status:866: creating etc/mpe_f77env.conf
config.status:866: creating bin/mpecc
config.status:866: creating bin/mpefc
config.status:866: creating mpe_conf.h
config.status:1055: executing default-1 commands
configure:7793: === configuring in src/misc (/mnt/storage/home/sekireev/distrib/mpe2-2.4.9b/src/misc)
configure:7856: running /bin/sh ./configure --disable-option-checking '--prefix=/mnt/storage/home/sekireev/local/mpe2'  'CC=mpicc' 'F77=mpif77' --cache-file=/dev/null --srcdir=.
configure:7793: === configuring in src/callstack (/mnt/storage/home/sekireev/distrib/mpe2-2.4.9b/src/callstack)
configure:7856: running /bin/sh ./configure --disable-option-checking '--prefix=/mnt/storage/home/sekireev/local/mpe2'  'CC=mpicc' 'F77=mpif77' --cache-file=/dev/null --srcdir=.
configure:7793: === configuring in src/logging (/mnt/storage/home/sekireev/distrib/mpe2-2.4.9b/src/logging)
configure:7856: running /bin/sh ./configure --disable-option-checking '--prefix=/mnt/storage/home/sekireev/local/mpe2'  'CC=mpicc' 'F77=mpif77' --cache-file=/dev/null --srcdir=.
configure:7793: === configuring in src/wrappers (/mnt/storage/home/sekireev/distrib/mpe2-2.4.9b/src/wrappers)
configure:7856: running /bin/sh ./configure --disable-option-checking '--prefix=/mnt/storage/home/sekireev/local/mpe2'  'CC=mpicc' 'F77=mpif77' --cache-file=/dev/null --srcdir=.
configure:7793: === configuring in src/graphics (/mnt/storage/home/sekireev/distrib/mpe2-2.4.9b/src/graphics)
configure:7856: running /bin/sh ./configure --disable-option-checking '--prefix=/mnt/storage/home/sekireev/local/mpe2'  'CC=mpicc' 'F77=mpif77' --cache-file=/dev/null --srcdir=.
configure:7793: === configuring in src/collchk (/mnt/storage/home/sekireev/distrib/mpe2-2.4.9b/src/collchk)
configure:7856: running /bin/sh ./configure --disable-option-checking '--prefix=/mnt/storage/home/sekireev/local/mpe2'  'CC=mpicc' 'F77=mpif77' --cache-file=/dev/null --srcdir=.
configure:7793: === configuring in src/slog2sdk (/mnt/storage/home/sekireev/distrib/mpe2-2.4.9b/src/slog2sdk)
configure:7856: running /bin/sh ./configure --disable-option-checking '--prefix=/mnt/storage/home/sekireev/local/mpe2'  'CC=mpicc' 'F77=mpif77' --cache-file=/dev/null --srcdir=.
configure:7886: result: MPE2-2.4.9B:  "src/misc" "src/callstack" "src/logging" "src/wrappers" "src/graphics" "src/collchk" "src/slog2sdk" have been configured

## ---------------- ##
## Cache variables. ##
## ---------------- ##

ac_cv_build=x86_64-unknown-linux-gnu
ac_cv_c_compiler_gnu=yes
ac_cv_env_CC_set=set
ac_cv_env_CC_value=mpicc
ac_cv_env_CFLAGS_set=
ac_cv_env_CFLAGS_value=
ac_cv_env_CPPFLAGS_set=
ac_cv_env_CPPFLAGS_value=
ac_cv_env_CPP_set=
ac_cv_env_CPP_value=
ac_cv_env_F77_set=set
ac_cv_env_F77_value=mpif77
ac_cv_env_FFLAGS_set=
ac_cv_env_FFLAGS_value=
ac_cv_env_LDFLAGS_set=
ac_cv_env_LDFLAGS_value=
ac_cv_env_LIBS_set=
ac_cv_env_LIBS_value=
ac_cv_env_MPERUN_set=
ac_cv_env_MPERUN_value=
ac_cv_env_MPI_CC_set=
ac_cv_env_MPI_CC_value=
ac_cv_env_MPI_CFLAGS_set=
ac_cv_env_MPI_CFLAGS_value=
ac_cv_env_MPI_F77_set=
ac_cv_env_MPI_F77_value=
ac_cv_env_MPI_FFLAGS_set=
ac_cv_env_MPI_FFLAGS_value=
ac_cv_env_MPI_INC_set=
ac_cv_env_MPI_INC_value=
ac_cv_env_MPI_LIBS_set=
ac_cv_env_MPI_LIBS_value=
ac_cv_env_build_alias_set=
ac_cv_env_build_alias_value=
ac_cv_env_host_alias_set=
ac_cv_env_host_alias_value=
ac_cv_env_target_alias_set=
ac_cv_env_target_alias_value=
ac_cv_f77_compiler_gnu=yes
ac_cv_f77_libs=' -L/opt/intel/impi/5.0.1.035/intel64/lib/release -L/opt/intel/impi/5.0.1.035/intel64/lib -L/usr/lib64/gcc/x86_64-suse-linux/4.3 -L/usr/lib64/gcc/x86_64-suse-linux/4.3/../../../../lib64 -L/lib/../lib64 -L/usr/lib/../lib64 -L/opt/intel/Compiler/11.1/072/lib -L/usr/lib64/gcc/x86_64-suse-linux/4.3/../../../../x86_64-suse-linux/lib -L/usr/lib64/gcc/x86_64-suse-linux/4.3/../../.. -lmpifort -lmpi -lmpigi -ldl -lrt -lpthread -lgfortranbegin -lgfortran -lm'
ac_cv_host=x86_64-unknown-linux-gnu
ac_cv_objext=o
ac_cv_path_install='/usr/bin/install -c'
ac_cv_prog_CPP='mpicc -E'
ac_cv_prog_ac_ct_CC=mpicc
ac_cv_prog_ac_ct_RANLIB=ranlib
ac_cv_prog_cc_c89=
ac_cv_prog_cc_g=yes
ac_cv_prog_f77_g=yes
ac_cv_prog_f77_v=-v
ac_cv_prog_install_breaks_libs=no
pac_cv_f77_flibs_valid=yes
pac_cv_prog_f77_and_c_stdio_libs=none
pac_cv_prog_f77_has_incdir=-I
pac_cv_prog_f77_library_dir_flag=-L
pac_cv_prog_f77_name_mangle='lower underscore'
pac_cv_test_stdcall=

## ----------------- ##
## Output variables. ##
## ----------------- ##

CC='mpicc'
CFLAGS=''
CLINKER='mpicc'
CPP='mpicc -E'
CPPFLAGS=''
CPRP='cp'
DEFS='-DHAVE_CONFIG_H'
ECHO_C=''
ECHO_N='-n'
ECHO_T=''
EXEEXT=''
F77='mpif77'
F77_INCDIR='-I'
F77_LIBDIR_LEADER='-L'
F77_NAME_MANGLE='F77_NAME_LOWER_USCORE'
F77_OTHER_LIBS=''
FFLAGS=''
FILE=''
FLIBS=' -L/opt/intel/impi/5.0.1.035/intel64/lib/release -L/opt/intel/impi/5.0.1.035/intel64/lib -L/usr/lib64/gcc/x86_64-suse-linux/4.3 -L/usr/lib64/gcc/x86_64-suse-linux/4.3/../../../../lib64 -L/lib/../lib64 -L/usr/lib/../lib64 -L/opt/intel/Compiler/11.1/072/lib -L/usr/lib64/gcc/x86_64-suse-linux/4.3/../../../../x86_64-suse-linux/lib -L/usr/lib64/gcc/x86_64-suse-linux/4.3/../../.. -lmpifort -lmpi -lmpigi -ldl -lrt -lpthread -lgfortranbegin -lgfortran -lm'
FLINKER='mpif77'
INSTALL_DATA='${INSTALL} -m 644'
INSTALL_PROGRAM='${INSTALL}'
INSTALL_SCRIPT='${INSTALL}'
LDFLAGS=''
LIBOBJS=''
LIBS=''
LN_S='ln -s'
LTLIBOBJS=''
MAINTAINER_MODE_TRUE='#'
MAKE='make --no-print-directory'
MKDIR='mkdir'
MPERUN=''
MPE_BUILD_FORTRAN2C='yes'
MPE_CFLAGS=''
MPE_CLINKER='/mnt/storage/home/sekireev/distrib/mpe2-2.4.9b/bin/mpecc -'
MPE_FFLAGS=''
MPE_FLINKER='/mnt/storage/home/sekireev/distrib/mpe2-2.4.9b/bin/mpefc -'
MPE_LIBNAME='mpe'
MPI_CC='mpicc '
MPI_CFLAGS=''
MPI_F77='mpif77 '
MPI_FFLAGS=''
MPI_IMPL='UserSupplied'
MPI_INC=''
MPI_LIBS=''
MV='mv'
OBJEXT='o'
PACKAGE_BUGREPORT='wgropp@illinois.edu'
PACKAGE_NAME='mpe2'
PACKAGE_STRING='mpe2 2.4.9b'
PACKAGE_TARNAME='mpe2'
PACKAGE_URL='http://www.mcs.anl.gov/research/projects/perfvis/software/MPE/'
PACKAGE_VERSION='2.4.9b'
PATH_SEPARATOR=':'
RANLIB='ranlib'
RANLIB_AFTER_INSTALL='no'
RM='rm'
SHELL='/bin/sh'
VPATH='VPATH=.:$(srcdir)'
ac_ct_CC='mpicc'
ac_ct_F77=''
binbuild_dir='/mnt/storage/home/sekireev/distrib/mpe2-2.4.9b/bin'
bindir='${exec_prefix}/bin'
build='x86_64-unknown-linux-gnu'
build_alias=''
build_cpu='x86_64'
build_os='linux-gnu'
build_vendor='unknown'
datadir='${datarootdir}'
datarootdir='${prefix}/share'
docdir='${datarootdir}/doc/${PACKAGE_TARNAME}'
dvidir='${docdir}'
etcbuild_dir='/mnt/storage/home/sekireev/distrib/mpe2-2.4.9b/etc'
exec_prefix='${prefix}'
host='x86_64-unknown-linux-gnu'
host_alias=''
host_cpu='x86_64'
host_os='linux-gnu'
host_vendor='unknown'
htmldir='${docdir}'
includebuild_dir='/mnt/storage/home/sekireev/distrib/mpe2-2.4.9b/include'
includedir='${prefix}/include'
infodir='${datarootdir}/info'
libbuild_dir='/mnt/storage/home/sekireev/distrib/mpe2-2.4.9b/lib'
libdir='${exec_prefix}/lib'
libexecdir='${exec_prefix}/libexec'
localedir='${datarootdir}/locale'
localstatedir='${prefix}/var'
mandir='${datarootdir}/man'
oldincludedir='/usr/include'
pdfdir='${docdir}'
prefix='/mnt/storage/home/sekireev/local/mpe2'
program_transform_name='s,x,x,'
psdir='${docdir}'
sbinbuild_dir='/mnt/storage/home/sekireev/distrib/mpe2-2.4.9b/sbin'
sbindir='${exec_prefix}/sbin'
sharedstatedir='${prefix}/com'
subdirs=' src/misc src/callstack src/logging src/wrappers src/graphics src/collchk src/slog2sdk'
sysconfdir='${prefix}/etc'
target_alias=''
top_srcdir_abs='/mnt/storage/home/sekireev/distrib/mpe2-2.4.9b'

## ----------- ##
## confdefs.h. ##
## ----------- ##

/* confdefs.h */
#define PACKAGE_NAME "mpe2"
#define PACKAGE_TARNAME "mpe2"
#define PACKAGE_VERSION "2.4.9b"
#define PACKAGE_STRING "mpe2 2.4.9b"
#define PACKAGE_BUGREPORT "wgropp@illinois.edu"
#define PACKAGE_URL "http://www.mcs.anl.gov/research/projects/perfvis/software/MPE/"
#define HAVE_LONG_LONG 1
#define F77_NAME_LOWER_USCORE 1
#define STDCALL 

configure: exit 0
